import { registerInstance as __stencil_registerInstance } from "@stencil/core";
import { h } from "@stencil/core";
export const MyApp = class {
    constructor(hostRef) {
        __stencil_registerInstance(this, hostRef);
    }
    // @Element() el: HTMLElement;
    //
    // @Prop() imgSrc: string;  private observer: IntersectionObserver;  componentDidLoad() {
    //     const img: HTMLImageElement =
    //         this.el.shadowRoot.querySelector('img');
    //
    //     if (img) {
    //         this.observer = new IntersectionObserver(this.onIntersection);
    //         this.observer.observe(img);
    //     }
    // }
    //
    // private onIntersection = async (entries) => {
    //     for (const entry of entries) {
    //         if (entry.isIntersecting) {
    //             if (this.observer) {
    //                 this.observer.disconnect();
    //             }
    //
    //             if (entry.target.getAttribute('data-src')) {
    //                 entry.target.setAttribute('src',
    //                     entry.target.getAttribute('data-src'));
    //                 entry.target.removeAttribute('data-src');
    //             }
    //         }
    //     }
    // };
    render() {
        return (h("div", null, h("header", null, h("h1", { class: "heading" }, "Todo List with Stencil")), h("main", null, h("todo-app", null))));
    }
    static get style() { return "STYLE_TEXT_PLACEHOLDER:my-app"; }
};
