System.register(['./core-959e0048.system.js'], function (exports) {
    'use strict';
    var registerInstance, h;
    return {
        setters: [function (module) {
                registerInstance = module.r;
                h = module.h;
            }],
        execute: function () {
            var MyApp = exports('my_app', /** @class */ (function () {
                function class_1(hostRef) {
                    registerInstance(this, hostRef);
                }
                // @Element() el: HTMLElement;
                //
                // @Prop() imgSrc: string;  private observer: IntersectionObserver;  componentDidLoad() {
                //     const img: HTMLImageElement =
                //         this.el.shadowRoot.querySelector('img');
                //
                //     if (img) {
                //         this.observer = new IntersectionObserver(this.onIntersection);
                //         this.observer.observe(img);
                //     }
                // }
                //
                // private onIntersection = async (entries) => {
                //     for (const entry of entries) {
                //         if (entry.isIntersecting) {
                //             if (this.observer) {
                //                 this.observer.disconnect();
                //             }
                //
                //             if (entry.target.getAttribute('data-src')) {
                //                 entry.target.setAttribute('src',
                //                     entry.target.getAttribute('data-src'));
                //                 entry.target.removeAttribute('data-src');
                //             }
                //         }
                //     }
                // };
                class_1.prototype.render = function () {
                    return (h("div", null, h("header", null, h("h1", { class: "heading" }, "Todo List with Stencil")), h("main", null, h("todo-app", null)), h("lazy-component", { "img-src": "https://upload.wikimedia.org/wikipedia/commons/4/47/PNG_transparency_demonstration_1.png" }), h("lazy-component", { "img-src": "https://upload.wikimedia.org/wikipedia/commons/4/47/PNG_transparency_demonstration_1.png" }), h("lazy-component", { "img-src": "https://upload.wikimedia.org/wikipedia/commons/4/47/PNG_transparency_demonstration_1.png" }), h("lazy-component", { "img-src": "https://upload.wikimedia.org/wikipedia/commons/4/47/PNG_transparency_demonstration_1.png" }), h("lazy-componentp", { "img-src": "https://upload.wikimedia.org/wikipedia/commons/4/47/PNG_transparency_demonstration_1.png" }), h("lazy-component", { "img-src": "https://upload.wikimedia.org/wikipedia/commons/4/47/PNG_transparency_demonstration_1.png" }), h("lazy-component", { "img-src": "https://upload.wikimedia.org/wikipedia/commons/4/47/PNG_transparency_demonstration_1.png" }), h("lazy-component", { "img-src": "https://upload.wikimedia.org/wikipedia/commons/4/47/PNG_transparency_demonstration_1.png" }), h("lazy-component", { "img-src": "https://upload.wikimedia.org/wikipedia/commons/4/47/PNG_transparency_demonstration_1.png" }), "          "));
                };
                Object.defineProperty(class_1, "style", {
                    get: function () { return "STYLE_TEXT_PLACEHOLDER:my-app"; },
                    enumerable: true,
                    configurable: true
                });
                return class_1;
            }()));
        }
    };
});
