System.register(['./core-53b72ae8.system.js'], function (exports) {
    'use strict';
    var registerInstance, h, getElement;
    return {
        setters: [function (module) {
                registerInstance = module.r;
                h = module.h;
                getElement = module.c;
            }],
        execute: function () {
            var MyApp = exports('my_app', /** @class */ (function () {
                function class_1(hostRef) {
                    registerInstance(this, hostRef);
                }
                class_1.prototype.componentDidLoad = function () {
                    var img = this.el.shadowRoot.querySelector('img');
                    if (img) {
                        this.observer = new IntersectionObserver(this.onIntersection);
                        this.observer.observe(img);
                    }
                };
                class_1.prototype.render = function () {
                    return (h("div", null, h("header", null, h("h1", { class: "heading" }, "Todo List with Stencil")), h("main", null, h("todo-app", null)), h("img", { "data-src": this.imgSrc }), ";"));
                };
                Object.defineProperty(class_1.prototype, "el", {
                    get: function () { return getElement(this); },
                    enumerable: true,
                    configurable: true
                });
                Object.defineProperty(class_1, "style", {
                    get: function () { return "STYLE_TEXT_PLACEHOLDER:my-app"; },
                    enumerable: true,
                    configurable: true
                });
                return class_1;
            }()));
        }
    };
});
