System.register(['./core-899652aa.system.js'], function (exports) {
    'use strict';
    var registerInstance, h;
    return {
        setters: [function (module) {
                registerInstance = module.r;
                h = module.h;
            }],
        execute: function () {
            var MyApp = exports('my_app', /** @class */ (function () {
                function class_1(hostRef) {
                    registerInstance(this, hostRef);
                }
                class_1.prototype.render = function () {
                    return (h("div", null, h("header", null, h("h1", { class: "heading" }, "Todo List with Stencil")), h("main", null, h("todo-app", null))));
                };
                return class_1;
            }()));
        }
    };
});
