System.register(['./p-f48d99c2.system.js'], function (exports) {
    'use strict';
    var registerInstance, h;
    return {
        setters: [function (module) {
                registerInstance = module.r;
                h = module.h;
            }],
        execute: function () {
            var AppRoot = exports('app_root', /** @class */ (function () {
                function class_1(hostRef) {
                    registerInstance(this, hostRef);
                }
                class_1.prototype.render = function () {
                    return (h("my-first-component", { name: "Julia" }));
                };
                return class_1;
            }()));
            var MyComponent = exports('my_first_component', /** @class */ (function () {
                function class_2(hostRef) {
                    registerInstance(this, hostRef);
                }
                class_2.prototype.render = function () {
                    return (h("p", null, "My name is ", this.name));
                };
                return class_2;
            }()));
        }
    };
});
